<?xml version="1.0" encoding="UTF-8"?>
<!-- Generated by org.testng.reporters.JUnitReportReporter -->
<testsuite hostname="LAPTOP-THVK1LJ5" name="tests.Expedia" tests="1" failures="0" timestamp="19 Apr 2020 11:46:15 GMT" time="100.270" errors="0">
  <testcase name="hotelReservation" time="100.270" classname="tests.Expedia"/>
</testsuite> <!-- tests.Expedia -->
