<?xml version="1.0" encoding="UTF-8"?>
<!-- Generated by org.testng.reporters.JUnitReportReporter -->
<testsuite hostname="LAPTOP-THVK1LJ5" name="tests.LoginFactory" tests="1" failures="0" timestamp="9 Dec 2020 18:21:50 GMT" time="8.923" errors="0">
  <testcase name="loginTestFactory" time="8.923" classname="tests.LoginFactory"/>
</testsuite> <!-- tests.LoginFactory -->
