<?xml version="1.0" encoding="UTF-8"?>
<!-- Generated by org.testng.reporters.JUnitReportReporter -->
<testsuite hostname="LAPTOP-THVK1LJ5" name="tests.Expedia" tests="1" failures="0" timestamp="15 Apr 2020 15:58:15 GMT" time="20.272" errors="0">
  <testcase name="hotelReservation" time="20.272" classname="tests.Expedia"/>
</testsuite> <!-- tests.Expedia -->
